2018年 10月 17日 星期三 15:13:02 CST
Wed Oct 17 15:31:05 CST 2018
Wed Oct 17 16:00:22 CST 2018
Wed Oct 17 16:30:17 CST 2018
Wed Oct 17 17:00:27 CST 2018
Wed Oct 17 17:32:40 CST 2018
Wed Oct 17 18:02:51 CST 2018
Wed Oct 17 18:30:19 CST 2018
Thu Oct 18 09:00:17 CST 2018
Thu Oct 18 09:30:22 CST 2018
Thu Oct 18 10:00:18 CST 2018
Thu Oct 18 10:30:17 CST 2018
Thu Oct 18 11:00:23 CST 2018
Thu Oct 18 11:30:20 CST 2018
Thu Oct 18 12:00:19 CST 2018
Thu Oct 18 12:30:35 CST 2018
Thu Oct 18 13:00:21 CST 2018
Thu Oct 18 13:30:20 CST 2018
Thu Oct 18 14:00:23 CST 2018
Thu Oct 18 14:30:17 CST 2018
Thu Oct 18 15:05:06 CST 2018
Thu Oct 18 15:30:20 CST 2018
Thu Oct 18 16:00:21 CST 2018
Thu Oct 18 16:30:21 CST 2018
Thu Oct 18 17:01:27 CST 2018
Thu Oct 18 17:30:31 CST 2018
Thu Oct 18 18:00:22 CST 2018
Thu Oct 18 18:30:16 CST 2018
Fri Oct 19 09:00:39 CST 2018
Fri Oct 19 09:30:30 CST 2018
Fri Oct 19 10:00:27 CST 2018
Fri Oct 19 10:30:17 CST 2018
Fri Oct 19 11:00:18 CST 2018
Fri Oct 19 11:30:17 CST 2018
Fri Oct 19 12:00:20 CST 2018
Fri Oct 19 12:30:17 CST 2018
Fri Oct 19 13:00:19 CST 2018
Fri Oct 19 13:30:48 CST 2018
Fri Oct 19 14:00:17 CST 2018
Fri Oct 19 14:30:44 CST 2018
Fri Oct 19 15:00:29 CST 2018
Fri Oct 19 15:30:18 CST 2018
Fri Oct 19 16:00:22 CST 2018
Fri Oct 19 16:30:19 CST 2018
Fri Oct 19 17:00:26 CST 2018
Fri Oct 19 17:30:19 CST 2018
Fri Oct 19 18:00:21 CST 2018
Fri Oct 19 18:30:20 CST 2018
Mon Oct 22 09:00:20 CST 2018
Mon Oct 22 09:30:21 CST 2018
Mon Oct 22 10:00:18 CST 2018
Mon Oct 22 10:30:18 CST 2018
Mon Oct 22 11:00:22 CST 2018
Mon Oct 22 11:30:19 CST 2018
Mon Oct 22 12:00:18 CST 2018
Mon Oct 22 12:30:18 CST 2018
Mon Oct 22 13:00:18 CST 2018
Mon Oct 22 13:30:19 CST 2018
Mon Oct 22 14:00:19 CST 2018
Mon Oct 22 14:30:20 CST 2018
Mon Oct 22 15:00:23 CST 2018
Mon Oct 22 15:30:20 CST 2018
Mon Oct 22 16:00:24 CST 2018
Mon Oct 22 16:30:21 CST 2018
Mon Oct 22 17:00:46 CST 2018
Mon Oct 22 17:30:19 CST 2018
Mon Oct 22 18:00:20 CST 2018
Mon Oct 22 18:30:23 CST 2018
Tue Oct 23 09:00:25 CST 2018
Tue Oct 23 09:30:42 CST 2018
Tue Oct 23 10:00:17 CST 2018
Tue Oct 23 10:30:18 CST 2018
Tue Oct 23 11:00:17 CST 2018
Tue Oct 23 11:30:18 CST 2018
Tue Oct 23 12:00:20 CST 2018
Tue Oct 23 12:30:17 CST 2018
Tue Oct 23 13:00:30 CST 2018
Tue Oct 23 13:30:18 CST 2018
Tue Oct 23 14:12:36 CST 2018
Tue Oct 23 14:30:17 CST 2018
Tue Oct 23 15:00:17 CST 2018
Tue Oct 23 16:00:18 CST 2018
Tue Oct 23 16:30:46 CST 2018
Tue Oct 23 17:00:18 CST 2018
Tue Oct 23 17:30:20 CST 2018
Tue Oct 23 17:30:44 CST 2018
Tue Oct 23 18:00:20 CST 2018
Tue Oct 23 18:30:24 CST 2018
Wed Oct 24 09:00:45 CST 2018
Wed Oct 24 09:30:24 CST 2018
Wed Oct 24 10:01:12 CST 2018
Wed Oct 24 10:30:47 CST 2018
Wed Oct 24 11:00:21 CST 2018
Wed Oct 24 11:30:30 CST 2018
Wed Oct 24 12:00:33 CST 2018
Wed Oct 24 12:30:20 CST 2018
Wed Oct 24 13:00:19 CST 2018
Wed Oct 24 13:30:20 CST 2018
Wed Oct 24 14:00:45 CST 2018
Wed Oct 24 14:30:17 CST 2018
Wed Oct 24 15:00:23 CST 2018
Wed Oct 24 15:30:18 CST 2018
Wed Oct 24 16:00:20 CST 2018
Wed Oct 24 16:30:20 CST 2018
Wed Oct 24 17:00:18 CST 2018
Wed Oct 24 17:30:18 CST 2018
Wed Oct 24 18:00:25 CST 2018
Wed Oct 24 18:30:18 CST 2018
Thu Oct 25 09:00:24 CST 2018
Thu Oct 25 09:30:19 CST 2018
Thu Oct 25 10:00:17 CST 2018
Thu Oct 25 10:30:22 CST 2018
Thu Oct 25 11:00:17 CST 2018
Thu Oct 25 11:30:19 CST 2018
Thu Oct 25 12:00:20 CST 2018
Thu Oct 25 12:30:30 CST 2018
Thu Oct 25 13:00:21 CST 2018
Thu Oct 25 13:30:21 CST 2018
Thu Oct 25 14:00:20 CST 2018
Thu Oct 25 14:30:27 CST 2018
Thu Oct 25 15:00:24 CST 2018
Thu Oct 25 15:30:18 CST 2018
Thu Oct 25 16:00:17 CST 2018
Thu Oct 25 16:30:18 CST 2018
Thu Oct 25 17:00:18 CST 2018
Thu Oct 25 17:30:20 CST 2018
Thu Oct 25 18:00:21 CST 2018
Thu Oct 25 18:30:19 CST 2018
Fri Oct 26 09:00:17 CST 2018
Fri Oct 26 09:30:21 CST 2018
Fri Oct 26 10:00:17 CST 2018
Fri Oct 26 10:30:18 CST 2018
Fri Oct 26 11:00:18 CST 2018
Fri Oct 26 11:30:19 CST 2018
Fri Oct 26 12:00:20 CST 2018
Fri Oct 26 12:30:16 CST 2018
Fri Oct 26 13:00:25 CST 2018
Fri Oct 26 13:30:17 CST 2018
Fri Oct 26 14:00:20 CST 2018
Fri Oct 26 14:30:21 CST 2018
Fri Oct 26 15:00:18 CST 2018
Fri Oct 26 15:30:15 CST 2018
Fri Oct 26 16:00:19 CST 2018
Fri Oct 26 16:30:21 CST 2018
Fri Oct 26 17:00:23 CST 2018
Fri Oct 26 17:30:18 CST 2018
Fri Oct 26 18:00:21 CST 2018
Fri Oct 26 18:30:20 CST 2018
Mon Oct 29 09:00:20 CST 2018
Mon Oct 29 09:30:19 CST 2018
Mon Oct 29 10:01:21 CST 2018
Mon Oct 29 10:31:22 CST 2018
Mon Oct 29 11:01:21 CST 2018
Mon Oct 29 11:31:21 CST 2018
Mon Oct 29 12:01:21 CST 2018
Mon Oct 29 12:31:21 CST 2018
Mon Oct 29 13:01:21 CST 2018
Mon Oct 29 13:31:21 CST 2018
Mon Oct 29 14:01:21 CST 2018
Mon Oct 29 14:31:21 CST 2018
Mon Oct 29 15:01:22 CST 2018
Mon Oct 29 15:31:21 CST 2018
Mon Oct 29 16:01:21 CST 2018
Mon Oct 29 16:30:17 CST 2018
Mon Oct 29 17:00:20 CST 2018
Mon Oct 29 17:30:18 CST 2018
Mon Oct 29 18:00:21 CST 2018
Mon Oct 29 18:30:16 CST 2018
Tue Oct 30 09:00:18 CST 2018
Tue Oct 30 09:30:18 CST 2018
Tue Oct 30 10:00:20 CST 2018
Tue Oct 30 10:30:16 CST 2018
Tue Oct 30 11:00:17 CST 2018
Tue Oct 30 11:30:17 CST 2018
Tue Oct 30 12:00:18 CST 2018
Tue Oct 30 12:30:17 CST 2018
Tue Oct 30 13:00:17 CST 2018
Tue Oct 30 13:30:17 CST 2018
Tue Oct 30 14:00:18 CST 2018
Tue Oct 30 14:30:19 CST 2018
Tue Oct 30 15:00:20 CST 2018
Tue Oct 30 15:30:20 CST 2018
Tue Oct 30 16:00:18 CST 2018
Tue Oct 30 16:30:18 CST 2018
Tue Oct 30 17:01:43 CST 2018
Tue Oct 30 17:30:17 CST 2018
Tue Oct 30 18:00:19 CST 2018
Tue Oct 30 18:30:19 CST 2018
Wed Oct 31 09:00:18 CST 2018
Wed Oct 31 09:30:18 CST 2018
Wed Oct 31 10:00:19 CST 2018
Wed Oct 31 10:30:18 CST 2018
Wed Oct 31 11:00:16 CST 2018
Wed Oct 31 11:30:19 CST 2018
Wed Oct 31 12:00:22 CST 2018
Wed Oct 31 12:30:17 CST 2018
Wed Oct 31 13:00:28 CST 2018
Wed Oct 31 13:30:24 CST 2018
Wed Oct 31 14:00:25 CST 2018
Wed Oct 31 14:30:19 CST 2018
Wed Oct 31 15:00:23 CST 2018
Wed Oct 31 15:30:17 CST 2018
Wed Oct 31 16:00:19 CST 2018
Wed Oct 31 16:30:25 CST 2018
Wed Oct 31 17:00:25 CST 2018
Wed Oct 31 17:30:20 CST 2018
Wed Oct 31 18:00:19 CST 2018
Wed Oct 31 18:30:20 CST 2018
Thu Nov  1 09:00:18 CST 2018
Thu Nov  1 09:30:18 CST 2018
Thu Nov  1 10:00:19 CST 2018
Thu Nov  1 10:30:18 CST 2018
Thu Nov  1 11:00:18 CST 2018
Thu Nov  1 11:30:19 CST 2018
Thu Nov  1 12:00:18 CST 2018
Thu Nov  1 12:30:16 CST 2018
Thu Nov  1 13:00:22 CST 2018
Thu Nov  1 13:30:17 CST 2018
Thu Nov  1 14:00:39 CST 2018
Thu Nov  1 14:30:25 CST 2018
Thu Nov  1 15:00:19 CST 2018
