2018年 09月 27日 星期四 17:13:49 CST
2018年 09月 27日 星期四 17:14:10 CST
2018年 09月 27日 星期四 17:14:49 CST
Thu Sep 27 17:15:19 CST 2018
Thu Sep 27 17:20:07 CST 2018
Thu Sep 27 17:25:08 CST 2018
Thu Sep 27 17:30:09 CST 2018
Thu Sep 27 17:59:07 CST 2018
Thu Sep 27 18:00:09 CST 2018
Thu Sep 27 18:59:08 CST 2018
Fri Sep 28 09:00:10 CST 2018
Fri Sep 28 10:00:37 CST 2018
Fri Sep 28 10:01:19 CST 2018
Fri Sep 28 10:59:08 CST 2018
Fri Sep 28 11:00:09 CST 2018
Fri Sep 28 11:30:09 CST 2018
Fri Sep 28 12:00:09 CST 2018
Fri Sep 28 12:30:08 CST 2018
Fri Sep 28 13:00:09 CST 2018
Fri Sep 28 13:30:08 CST 2018
Fri Sep 28 14:00:09 CST 2018
Fri Sep 28 14:30:09 CST 2018
Fri Sep 28 15:00:09 CST 2018
Fri Sep 28 15:30:07 CST 2018
Fri Sep 28 16:00:10 CST 2018
Fri Sep 28 16:30:08 CST 2018
Fri Sep 28 17:00:09 CST 2018
Fri Sep 28 17:30:11 CST 2018
Fri Sep 28 18:00:08 CST 2018
Fri Sep 28 18:30:09 CST 2018
Mon Oct  1 09:00:09 CST 2018
Mon Oct  1 09:30:08 CST 2018
Mon Oct  1 10:00:06 CST 2018
Mon Oct  1 10:32:25 CST 2018
Mon Oct  1 11:00:07 CST 2018
Mon Oct  1 11:30:08 CST 2018
Mon Oct  1 12:00:07 CST 2018
Mon Oct  1 12:30:09 CST 2018
Mon Oct  1 13:00:08 CST 2018
Mon Oct  1 13:30:10 CST 2018
Mon Oct  1 14:00:07 CST 2018
Mon Oct  1 14:30:09 CST 2018
Mon Oct  1 15:00:08 CST 2018
Mon Oct  1 15:30:07 CST 2018
Mon Oct  1 16:00:12 CST 2018
Mon Oct  1 16:30:07 CST 2018
Mon Oct  1 17:00:09 CST 2018
Mon Oct  1 17:30:20 CST 2018
Mon Oct  1 18:00:17 CST 2018
Mon Oct  1 18:30:10 CST 2018
Tue Oct  2 09:00:08 CST 2018
Tue Oct  2 09:30:09 CST 2018
Tue Oct  2 10:00:08 CST 2018
Tue Oct  2 10:30:12 CST 2018
Tue Oct  2 11:00:09 CST 2018
Tue Oct  2 11:30:09 CST 2018
Tue Oct  2 12:00:09 CST 2018
Tue Oct  2 12:30:08 CST 2018
Tue Oct  2 13:00:10 CST 2018
Tue Oct  2 13:30:09 CST 2018
Tue Oct  2 14:00:07 CST 2018
Tue Oct  2 14:32:45 CST 2018
Tue Oct  2 15:00:07 CST 2018
Tue Oct  2 15:30:07 CST 2018
Tue Oct  2 16:00:14 CST 2018
Tue Oct  2 16:30:09 CST 2018
Tue Oct  2 17:00:09 CST 2018
Tue Oct  2 17:30:10 CST 2018
Tue Oct  2 18:00:08 CST 2018
Tue Oct  2 18:30:09 CST 2018
Wed Oct  3 09:00:08 CST 2018
Wed Oct  3 09:30:07 CST 2018
Wed Oct  3 10:00:10 CST 2018
Wed Oct  3 10:30:09 CST 2018
Wed Oct  3 11:00:08 CST 2018
Wed Oct  3 11:30:18 CST 2018
Wed Oct  3 12:00:09 CST 2018
Wed Oct  3 12:30:08 CST 2018
Wed Oct  3 13:00:08 CST 2018
Wed Oct  3 13:30:09 CST 2018
Wed Oct  3 14:00:09 CST 2018
Wed Oct  3 14:30:08 CST 2018
Wed Oct  3 15:00:10 CST 2018
Wed Oct  3 15:30:13 CST 2018
Wed Oct  3 16:00:10 CST 2018
Wed Oct  3 16:30:09 CST 2018
Wed Oct  3 17:00:09 CST 2018
Wed Oct  3 17:30:14 CST 2018
Wed Oct  3 18:00:09 CST 2018
Wed Oct  3 18:30:08 CST 2018
Thu Oct  4 09:00:16 CST 2018
Thu Oct  4 09:30:08 CST 2018
Thu Oct  4 10:00:11 CST 2018
Thu Oct  4 10:30:09 CST 2018
Thu Oct  4 11:00:10 CST 2018
Thu Oct  4 11:30:09 CST 2018
Thu Oct  4 12:00:12 CST 2018
Thu Oct  4 12:30:07 CST 2018
Thu Oct  4 13:00:08 CST 2018
Thu Oct  4 13:30:09 CST 2018
Thu Oct  4 14:00:10 CST 2018
Thu Oct  4 14:30:10 CST 2018
Thu Oct  4 15:00:09 CST 2018
Thu Oct  4 15:30:20 CST 2018
Thu Oct  4 16:00:13 CST 2018
Thu Oct  4 16:30:09 CST 2018
Thu Oct  4 17:00:09 CST 2018
Thu Oct  4 17:30:10 CST 2018
Thu Oct  4 18:00:09 CST 2018
Thu Oct  4 18:30:08 CST 2018
Fri Oct  5 09:00:09 CST 2018
Fri Oct  5 09:30:10 CST 2018
Fri Oct  5 10:00:08 CST 2018
Fri Oct  5 10:30:10 CST 2018
Fri Oct  5 11:00:09 CST 2018
Fri Oct  5 11:30:11 CST 2018
Fri Oct  5 12:00:09 CST 2018
Fri Oct  5 12:30:07 CST 2018
Fri Oct  5 13:00:09 CST 2018
Fri Oct  5 13:30:13 CST 2018
Fri Oct  5 14:00:08 CST 2018
Fri Oct  5 14:30:10 CST 2018
Fri Oct  5 15:00:08 CST 2018
Fri Oct  5 15:30:10 CST 2018
Fri Oct  5 16:00:08 CST 2018
Fri Oct  5 16:30:12 CST 2018
Fri Oct  5 17:00:26 CST 2018
Fri Oct  5 17:30:09 CST 2018
Fri Oct  5 18:00:08 CST 2018
Fri Oct  5 18:30:11 CST 2018
Mon Oct  8 09:00:11 CST 2018
Mon Oct  8 09:30:14 CST 2018
2018年 10月 08日 星期一 09:49:03 CST
Mon Oct  8 10:00:11 CST 2018
Mon Oct  8 10:30:11 CST 2018
Mon Oct  8 11:00:15 CST 2018
Mon Oct  8 11:30:08 CST 2018
Mon Oct  8 12:00:09 CST 2018
Mon Oct  8 12:30:10 CST 2018
Mon Oct  8 13:00:09 CST 2018
Mon Oct  8 13:30:07 CST 2018
Mon Oct  8 14:00:09 CST 2018
Mon Oct  8 14:30:08 CST 2018
Mon Oct  8 15:00:09 CST 2018
Mon Oct  8 15:30:09 CST 2018
Mon Oct  8 16:00:12 CST 2018
Mon Oct  8 16:30:08 CST 2018
Mon Oct  8 17:00:09 CST 2018
Mon Oct  8 17:30:09 CST 2018
Mon Oct  8 18:00:10 CST 2018
Mon Oct  8 18:30:28 CST 2018
Tue Oct  9 09:00:10 CST 2018
Tue Oct  9 09:30:15 CST 2018
Tue Oct  9 10:00:10 CST 2018
Tue Oct  9 10:30:08 CST 2018
Tue Oct  9 11:00:10 CST 2018
Tue Oct  9 11:30:15 CST 2018
Tue Oct  9 12:00:10 CST 2018
Tue Oct  9 12:30:10 CST 2018
Tue Oct  9 13:00:12 CST 2018
Tue Oct  9 13:30:09 CST 2018
Tue Oct  9 14:00:10 CST 2018
Tue Oct  9 14:30:13 CST 2018
Tue Oct  9 15:00:13 CST 2018
Tue Oct  9 15:30:15 CST 2018
Tue Oct  9 16:00:08 CST 2018
Tue Oct  9 16:30:19 CST 2018
Tue Oct  9 17:00:09 CST 2018
Tue Oct  9 17:30:10 CST 2018
Tue Oct  9 18:00:11 CST 2018
Tue Oct  9 18:30:11 CST 2018
Wed Oct 10 09:00:10 CST 2018
Wed Oct 10 09:30:34 CST 2018
Wed Oct 10 10:00:10 CST 2018
Wed Oct 10 10:30:07 CST 2018
Wed Oct 10 11:00:09 CST 2018
Wed Oct 10 11:30:11 CST 2018
Wed Oct 10 12:00:13 CST 2018
Wed Oct 10 12:30:07 CST 2018
Wed Oct 10 13:00:07 CST 2018
Wed Oct 10 13:30:11 CST 2018
Wed Oct 10 14:00:12 CST 2018
Wed Oct 10 14:30:09 CST 2018
Wed Oct 10 15:00:17 CST 2018
Wed Oct 10 15:30:12 CST 2018
Wed Oct 10 16:00:08 CST 2018
Wed Oct 10 16:30:10 CST 2018
Wed Oct 10 17:00:10 CST 2018
Wed Oct 10 17:30:10 CST 2018
Wed Oct 10 18:00:09 CST 2018
Wed Oct 10 18:30:10 CST 2018
Thu Oct 11 09:00:09 CST 2018
Thu Oct 11 09:30:11 CST 2018
Thu Oct 11 10:00:15 CST 2018
Thu Oct 11 10:30:09 CST 2018
Thu Oct 11 11:00:07 CST 2018
Thu Oct 11 11:30:09 CST 2018
Thu Oct 11 12:00:13 CST 2018
Thu Oct 11 12:30:10 CST 2018
Thu Oct 11 13:00:07 CST 2018
Thu Oct 11 13:30:11 CST 2018
Thu Oct 11 14:00:10 CST 2018
Thu Oct 11 14:30:08 CST 2018
Thu Oct 11 15:00:08 CST 2018
Thu Oct 11 15:30:08 CST 2018
Thu Oct 11 16:00:10 CST 2018
Thu Oct 11 16:30:10 CST 2018
Thu Oct 11 17:00:11 CST 2018
Thu Oct 11 17:30:10 CST 2018
Thu Oct 11 18:00:09 CST 2018
Thu Oct 11 18:30:09 CST 2018
Fri Oct 12 09:00:07 CST 2018
Fri Oct 12 09:30:11 CST 2018
Fri Oct 12 10:00:10 CST 2018
Fri Oct 12 10:30:10 CST 2018
Fri Oct 12 11:00:08 CST 2018
Fri Oct 12 11:30:15 CST 2018
Fri Oct 12 12:00:11 CST 2018
Fri Oct 12 12:30:08 CST 2018
Fri Oct 12 13:00:10 CST 2018
Fri Oct 12 13:30:26 CST 2018
Fri Oct 12 14:00:08 CST 2018
Fri Oct 12 14:30:09 CST 2018
Fri Oct 12 15:00:07 CST 2018
Fri Oct 12 15:30:16 CST 2018
Fri Oct 12 16:00:10 CST 2018
Fri Oct 12 16:30:10 CST 2018
Fri Oct 12 17:00:10 CST 2018
Fri Oct 12 17:30:09 CST 2018
Fri Oct 12 18:00:08 CST 2018
Fri Oct 12 18:30:10 CST 2018
Mon Oct 15 09:00:10 CST 2018
Mon Oct 15 09:30:12 CST 2018
Mon Oct 15 10:00:09 CST 2018
Mon Oct 15 10:30:07 CST 2018
Mon Oct 15 11:00:10 CST 2018
2018年 10月 15日 星期一 11:28:02 CST
Mon Oct 15 11:30:12 CST 2018
Mon Oct 15 12:01:48 CST 2018
Mon Oct 15 12:30:21 CST 2018
Mon Oct 15 13:00:12 CST 2018
Mon Oct 15 13:30:12 CST 2018
Mon Oct 15 14:00:17 CST 2018
Mon Oct 15 14:30:12 CST 2018
Mon Oct 15 15:00:12 CST 2018
Mon Oct 15 15:30:12 CST 2018
Mon Oct 15 16:00:25 CST 2018
Mon Oct 15 16:30:31 CST 2018
Mon Oct 15 17:00:44 CST 2018
Mon Oct 15 17:30:11 CST 2018
Mon Oct 15 18:00:12 CST 2018
Mon Oct 15 18:30:13 CST 2018
Tue Oct 16 09:00:10 CST 2018
Tue Oct 16 09:30:10 CST 2018
Tue Oct 16 10:00:11 CST 2018
Tue Oct 16 10:30:12 CST 2018
Tue Oct 16 11:00:10 CST 2018
Tue Oct 16 11:30:11 CST 2018
Tue Oct 16 12:00:11 CST 2018
Tue Oct 16 12:30:12 CST 2018
Tue Oct 16 13:00:10 CST 2018
Tue Oct 16 13:30:11 CST 2018
Tue Oct 16 14:00:13 CST 2018
Tue Oct 16 14:30:13 CST 2018
Tue Oct 16 15:00:11 CST 2018
Tue Oct 16 15:30:13 CST 2018
Tue Oct 16 16:00:12 CST 2018
Tue Oct 16 16:30:12 CST 2018
Tue Oct 16 17:00:12 CST 2018
Tue Oct 16 17:30:13 CST 2018
Tue Oct 16 18:00:27 CST 2018
Tue Oct 16 18:30:10 CST 2018
Wed Oct 17 09:00:11 CST 2018
Wed Oct 17 09:30:10 CST 2018
Wed Oct 17 10:00:10 CST 2018
Wed Oct 17 10:30:09 CST 2018
Wed Oct 17 11:00:09 CST 2018
Wed Oct 17 11:30:12 CST 2018
Wed Oct 17 12:00:28 CST 2018
Wed Oct 17 12:30:14 CST 2018
Wed Oct 17 13:00:13 CST 2018
Wed Oct 17 13:30:22 CST 2018
Wed Oct 17 14:00:12 CST 2018
Wed Oct 17 14:30:32 CST 2018
Wed Oct 17 15:00:10 CST 2018
